<?xml version="1.0" encoding="UTF-8"?>
<testng-results ignored="0" total="1" passed="1" failed="0" skipped="0">
  <reporter-output>
  </reporter-output>
  <suite started-at="2020-03-05T01:14:23 IST" name="Suite" finished-at="2020-03-05T01:14:40 IST" duration-ms="16351">
    <groups>
    </groups>
    <test started-at="2020-03-05T01:14:23 IST" name="Test" finished-at="2020-03-05T01:14:40 IST" duration-ms="16351">
      <class name="pack1.NewTest">
        <test-method is-config="true" signature="beforeTest()[pri:0, instance:pack1.NewTest@fd07cbb]" started-at="2020-03-05T01:14:23 IST" name="beforeTest" finished-at="2020-03-05T01:14:32 IST" duration-ms="9030" status="PASS">
          <reporter-output>
          </reporter-output>
        </test-method> <!-- beforeTest -->
        <test-method signature="testEasy()[pri:0, instance:pack1.NewTest@fd07cbb]" started-at="2020-03-05T01:14:32 IST" name="testEasy" finished-at="2020-03-05T01:14:39 IST" duration-ms="6512" status="PASS">
          <reporter-output>
          </reporter-output>
        </test-method> <!-- testEasy -->
        <test-method is-config="true" signature="afterTest()[pri:0, instance:pack1.NewTest@fd07cbb]" started-at="2020-03-05T01:14:39 IST" name="afterTest" finished-at="2020-03-05T01:14:40 IST" duration-ms="771" status="PASS">
          <reporter-output>
          </reporter-output>
        </test-method> <!-- afterTest -->
      </class> <!-- pack1.NewTest -->
    </test> <!-- Test -->
  </suite> <!-- Suite -->
</testng-results>
